<?xml version="1.0" encoding="UTF-8"?>
<!-- Generated by org.testng.reporters.JUnitReportReporter -->
<testsuite skipped="0" hostname="ravi-Aspire-5755" name="testNGFiles.day2" tests="1" failures="0" timestamp="11 Feb 2018 14:54:37 GMT" time="0.002" errors="0">
  <testcase name="ploan" time="0.002" classname="testNGFiles.day2"/>
</testsuite> <!-- testNGFiles.day2 -->
