<?xml version="1.0" encoding="UTF-8"?>
<!-- Generated by org.testng.reporters.JUnitReportReporter -->
<testsuite skipped="0" hostname="ravi-Aspire-5755" name="testNGFiles.day4" tests="3" failures="0" timestamp="11 Feb 2018 14:54:37 GMT" time="0.020" errors="0">
  <testcase name="LoginAPIHomeLoan" time="0.005" classname="testNGFiles.day4"/>
  <testcase name="WebloginHomeLoan" time="0.010" classname="testNGFiles.day4"/>
  <testcase name="MobileLoginHomeLoan" time="0.005" classname="testNGFiles.day4"/>
</testsuite> <!-- testNGFiles.day4 -->
