<?xml version="1.0" encoding="UTF-8"?>
<!-- Generated by org.testng.reporters.JUnitReportReporter -->
<testsuite skipped="0" hostname="ravi-Aspire-5755" name="testNGFiles.Annotations" tests="2" failures="0" timestamp="28 Dec 2017 05:54:05 GMT" time="0.010" errors="0">
  <testcase name="FlightBooking" time="0.006" classname="testNGFiles.Annotations"/>
  <testcase name="OpeningBrowser" time="0.004" classname="testNGFiles.Annotations"/>
</testsuite> <!-- testNGFiles.Annotations -->
