<?xml version="1.0" encoding="UTF-8"?>
<!-- Generated by org.testng.reporters.JUnitReportReporter -->
<testsuite skipped="1" hostname="ravi-Aspire-5755" name="testNGFiles.dependencyAnnot" tests="4" failures="0" timestamp="28 Dec 2017 05:54:05 GMT" time="0.033" errors="0">
  <testcase name="OpeningBrowser" time="0.012" classname="testNGFiles.dependencyAnnot"/>
  <testcase name="TimeRelated" time="0.019" classname="testNGFiles.dependencyAnnot"/>
  <testcase name="FlightBooking" time="0.002" classname="testNGFiles.dependencyAnnot"/>
  <testcase name="Payment" classname="testNGFiles.dependencyAnnot">
    <skipped/>
  </testcase> <!-- Payment -->
</testsuite> <!-- testNGFiles.dependencyAnnot -->
