<?xml version="1.0" encoding="UTF-8"?>
<!-- Generated by org.testng.reporters.JUnitReportReporter -->
<testsuite skipped="1" hostname="ravi-Aspire-5755" name="testNGFiles.day3" tests="6" failures="0" timestamp="11 Feb 2018 14:54:37 GMT" time="0.047" errors="0">
  <testcase name="MobilesignoutcarLoan" time="0.010" classname="testNGFiles.day3"/>
  <testcase name="MobilesignoutcarLoan" time="0.002" classname="testNGFiles.day3"/>
  <testcase name="WebloginCarLoan" time="0.002" classname="testNGFiles.day3"/>
  <testcase name="MobileLogincarLoan" time="0.024" classname="testNGFiles.day3"/>
  <testcase name="MobilesignoutcarLoan" time="0.009" classname="testNGFiles.day3"/>
  <testcase name="MobilesignimcarLoan" classname="testNGFiles.day3">
    <skipped/>
  </testcase> <!-- MobilesignimcarLoan -->
</testsuite> <!-- testNGFiles.day3 -->
