<?xml version="1.0" encoding="UTF-8"?>
<!-- Generated by org.testng.reporters.JUnitReportReporter -->
<testsuite skipped="0" hostname="ravi-Aspire-5755" name="testNGFiles.DependencyAnnot" tests="2" failures="0" timestamp="28 Dec 2017 04:46:19 GMT" time="0.024" errors="0">
  <testcase name="FlightBooking" time="0.002" classname="testNGFiles.DependencyAnnot"/>
  <testcase name="OpeningBrowser" time="0.022" classname="testNGFiles.DependencyAnnot"/>
</testsuite> <!-- testNGFiles.DependencyAnnot -->
