<?xml version="1.0" encoding="UTF-8"?>
<!-- Generated by org.testng.reporters.JUnitReportReporter -->
<testsuite skipped="0" hostname="ravi-Aspire-5755" name="testNGFiles.Annot2" tests="1" failures="0" timestamp="28 Dec 2017 06:05:24 GMT" time="0.026" errors="0">
  <testcase name="software" time="0.026" classname="testNGFiles.Annot2"/>
</testsuite> <!-- testNGFiles.Annot2 -->
