<?xml version="1.0" encoding="UTF-8"?>
<!-- Generated by org.testng.reporters.JUnitReportReporter -->
<testsuite hostname="ravi-Aspire-5755" name="TestNGTests.abcd.DatadrivenTest2" tests="4" failures="0" timestamp="11 Sep 2017 02:49:07 GMT" time="0.018" errors="0">
  <testcase name="add" time="0.002" classname="TestNGTests.abcd.DatadrivenTest2"/>
  <testcase name="add" time="0.002" classname="TestNGTests.abcd.DatadrivenTest2"/>
  <testcase name="add" time="0.012" classname="TestNGTests.abcd.DatadrivenTest2"/>
  <testcase name="add" time="0.002" classname="TestNGTests.abcd.DatadrivenTest2"/>
</testsuite> <!-- TestNGTests.abcd.DatadrivenTest2 -->
