<?xml version="1.0" encoding="UTF-8"?>
<!-- Generated by org.testng.reporters.JUnitReportReporter -->
<testsuite hostname="ravi-Aspire-5755" name="TestNGTests.abcd.NewTest5.NewTest" tests="3" failures="0" timestamp="7 Sep 2017 02:44:41 GMT" time="0.033" errors="0">
  <testcase name="testCase1" time="0.018" classname="TestNGTests.abcd.NewTest5.NewTest"/>
  <testcase name="testCase3" time="0.009" classname="TestNGTests.abcd.NewTest5.NewTest"/>
  <testcase name="testCase2" time="0.006" classname="TestNGTests.abcd.NewTest5.NewTest"/>
</testsuite> <!-- TestNGTests.abcd.NewTest5.NewTest -->
