<?xml version="1.0" encoding="UTF-8"?>
<!-- Generated by org.testng.reporters.JUnitReportReporter -->
<testsuite hostname="ravi-Aspire-5755" name="pluralsight.SeleniumIde" tests="1" failures="0" timestamp="19 Nov 2017 14:28:04 GMT" time="65.746" errors="0">
  <testcase name="testUntitled" time="65.746" classname="pluralsight.SeleniumIde"/>
</testsuite> <!-- pluralsight.SeleniumIde -->
