<?xml version="1.0" encoding="UTF-8"?>
<!-- Generated by org.testng.reporters.JUnitReportReporter -->
<testsuite hostname="ravi-Aspire-5755" name="TestNGTests.abcd.NewTest" tests="3" failures="0" timestamp="5 Sep 2017 10:54:02 GMT" time="0.012" errors="0">
  <testcase name="addproduct" time="0.002" classname="TestNGTests.abcd.NewTest"/>
  <testcase name="addcurrency" time="0.007" classname="TestNGTests.abcd.NewTest"/>
  <testcase name="addmaterial" time="0.003" classname="TestNGTests.abcd.NewTest"/>
</testsuite> <!-- TestNGTests.abcd.NewTest -->
