<?xml version="1.0" encoding="UTF-8"?>
<!-- Generated by org.testng.reporters.JUnitReportReporter -->
<testsuite hostname="ravi-Aspire-5755" name="TestNGTests.Sample1" tests="2" failures="0" timestamp="2 Sep 2017 02:26:31 GMT" time="0.020" errors="0">
  <testcase name="xyz" time="0.002" classname="TestNGTests.Sample1"/>
  <testcase name="abcd" time="0.018" classname="TestNGTests.Sample1"/>
</testsuite> <!-- TestNGTests.Sample1 -->
