<?xml version="1.0" encoding="UTF-8"?>
<!-- Generated by org.testng.reporters.JUnitReportReporter -->
<testsuite hostname="ravi-Aspire-5755" name="TestNGTests.WebdriverTest" tests="2" failures="0" timestamp="9 Sep 2017 02:47:57 GMT" time="11.959" errors="0">
  <testcase name="verifyTitle1" time="8.938" classname="TestNGTests.WebdriverTest"/>
  <testcase name="verifyTitle" time="3.021" classname="TestNGTests.WebdriverTest"/>
</testsuite> <!-- TestNGTests.WebdriverTest -->
