<?xml version="1.0" encoding="UTF-8"?>
<!-- Generated by org.testng.reporters.JUnitReportReporter -->
<testsuite hostname="ravi-Aspire-5755" name="TestNGTests.abcd.NewTest1" tests="3" failures="0" timestamp="5 Sep 2017 10:54:02 GMT" time="0.006" errors="0">
  <testcase name="addcurrency" time="0.002" classname="TestNGTests.abcd.NewTest1"/>
  <testcase name="addmaterial" time="0.002" classname="TestNGTests.abcd.NewTest1"/>
  <testcase name="addproduct" time="0.002" classname="TestNGTests.abcd.NewTest1"/>
</testsuite> <!-- TestNGTests.abcd.NewTest1 -->
