<?xml version="1.0" encoding="UTF-8"?>
<!-- Generated by org.testng.reporters.JUnitReportReporter -->
<testsuite hostname="ravi-Aspire-5755" name="TestNGTests.Sample" tests="1" failures="0" timestamp="4 Jan 2018 01:30:14 GMT" time="9.875" errors="0">
  <testcase name="verifyTitle" time="9.875" classname="TestNGTests.Sample"/>
</testsuite> <!-- TestNGTests.Sample -->
