<?xml version="1.0" encoding="UTF-8"?>
<!-- Generated by org.testng.reporters.JUnitReportReporter -->
<testsuite hostname="ravi-Aspire-5755" name="TestNGTests.abcd.NewTest3" tests="7" failures="0" timestamp="7 Sep 2017 02:07:38 GMT" time="0.034" errors="0">
  <testcase name="prepaidRecharge" time="0.003" classname="TestNGTests.abcd.NewTest3"/>
  <testcase name="advancedSearch" time="0.021" classname="TestNGTests.abcd.NewTest3"/>
  <testcase name="fundTransfer" time="0.002" classname="TestNGTests.abcd.NewTest3"/>
  <testcase name="billPayment" time="0.003" classname="TestNGTests.abcd.NewTest3"/>
  <testcase name="logout" time="0.002" classname="TestNGTests.abcd.NewTest3"/>
  <testcase name="search" time="0.002" classname="TestNGTests.abcd.NewTest3"/>
  <testcase name="login" time="0.001" classname="TestNGTests.abcd.NewTest3"/>
</testsuite> <!-- TestNGTests.abcd.NewTest3 -->
