<?xml version="1.0" encoding="UTF-8"?>
<!-- Generated by org.testng.reporters.JUnitReportReporter -->
<testsuite hostname="ravi-Aspire-5755" name="TestNGTests.abcd.NewTest5.NewTest6" tests="3" failures="0" timestamp="7 Sep 2017 02:44:41 GMT" time="0.030" errors="0">
  <testcase name="testCase6" time="0.003" classname="TestNGTests.abcd.NewTest5.NewTest6"/>
  <testcase name="testCase4" time="0.018" classname="TestNGTests.abcd.NewTest5.NewTest6"/>
  <testcase name="testCase5" time="0.009" classname="TestNGTests.abcd.NewTest5.NewTest6"/>
</testsuite> <!-- TestNGTests.abcd.NewTest5.NewTest6 -->
