<?xml version="1.0" encoding="UTF-8"?>
<!-- Generated by org.testng.reporters.JUnitReportReporter -->
<testsuite hostname="ravi-Aspire-5755" name="TestNGTests.UsingDependsOnMethod" tests="4" failures="0" timestamp="2 Sep 2017 02:53:40 GMT" time="0.025" errors="0">
  <testcase name="logout" time="0.002" classname="TestNGTests.UsingDependsOnMethod"/>
  <testcase name="login" time="0.019" classname="TestNGTests.UsingDependsOnMethod"/>
  <testcase name="search" time="0.002" classname="TestNGTests.UsingDependsOnMethod"/>
  <testcase name="advancedSearch" time="0.002" classname="TestNGTests.UsingDependsOnMethod"/>
</testsuite> <!-- TestNGTests.UsingDependsOnMethod -->
