<?xml version="1.0" encoding="UTF-8"?>
<!-- Generated by org.testng.reporters.JUnitReportReporter -->
<testsuite hostname="ravi-Aspire-5755" name="com.academy.validateNavigationBar" tests="1" failures="0" timestamp="14 Jan 2018 11:35:54 GMT" time="35.168" errors="0">
  <testcase name="basePageNavigation" time="35.168" classname="com.academy.validateNavigationBar"/>
</testsuite> <!-- com.academy.validateNavigationBar -->
