<?xml version="1.0" encoding="UTF-8"?>
<!-- Generated by org.testng.reporters.JUnitReportReporter -->
<testsuite hostname="ravi-Aspire-5755" name="com.academy.E2EProject.AppTest" tests="1" failures="0" timestamp="13 Jan 2018 13:06:58 GMT" time="0.004" errors="0">
  <testcase name="testApp" time="0.004" classname="com.academy.E2EProject.AppTest"/>
</testsuite> <!-- com.academy.E2EProject.AppTest -->
