<?xml version="1.0" encoding="UTF-8"?>
<!-- Generated by org.testng.reporters.JUnitReportReporter -->
<testsuite hostname="ravi-Aspire-5755" name="com.academy.LoginApllication" tests="2" failures="0" timestamp="13 Jan 2018 13:06:58 GMT" time="44.379" errors="0">
  <testcase name="basePageNavigation" time="5.545" classname="com.academy.LoginApllication"/>
  <testcase name="basePageNavigation" time="38.834" classname="com.academy.LoginApllication"/>
</testsuite> <!-- com.academy.LoginApllication -->
