<?xml version="1.0" encoding="UTF-8"?>
<!-- Generated by org.testng.reporters.JUnitReportReporter -->
<testsuite hostname="ravi-Aspire-5755" name="com.academy.validateTitle" tests="1" failures="0" timestamp="7 Jan 2018 06:48:22 GMT" time="40.734" errors="0">
  <testcase name="basePageNavigation" time="40.734" classname="com.academy.validateTitle"/>
</testsuite> <!-- com.academy.validateTitle -->
