<?xml version="1.0" encoding="UTF-8"?>
<!-- Generated by org.testng.reporters.JUnitReportReporter -->
<testsuite hostname="ravi-Aspire-5755" name="com.academy.LoginApllication" tests="2" failures="0" timestamp="7 Jan 2018 06:38:08 GMT" time="148.993" errors="0">
  <testcase name="basePageNavigation" time="84.086" classname="com.academy.LoginApllication"/>
  <testcase name="basePageNavigation" time="64.907" classname="com.academy.LoginApllication"/>
</testsuite> <!-- com.academy.LoginApllication -->
