<?xml version="1.0" encoding="UTF-8"?>
<!-- Generated by org.testng.reporters.JUnitReportReporter -->
<testsuite hostname="ravi-Aspire-5755" name="academy.validateNavigationBar" tests="1" failures="0" timestamp="14 Jan 2018 12:03:09 GMT" time="0.006" errors="0">
  <testcase name="basePageNavigation" time="0.006" classname="academy.validateNavigationBar"/>
</testsuite> <!-- academy.validateNavigationBar -->
